c:\projects\ojp-c++\windowsformapplication1\debug\windowsformapplication1.pch
c:\projects\ojp-c++\windowsformapplication1\debug\vc140.pdb
c:\projects\ojp-c++\windowsformapplication1\debug\stdafx.obj
c:\projects\ojp-c++\windowsformapplication1\debug\windowsformapplication1.obj
c:\projects\ojp-c++\windowsformapplication1\debug\menuprogram.obj
c:\projects\ojp-c++\windowsformapplication1\debug\wyznaczniki.obj
c:\projects\ojp-c++\windowsformapplication1\debug\result.obj
c:\projects\ojp-c++\windowsformapplication1\debug\macierze.obj
c:\projects\ojp-c++\windowsformapplication1\debug\assemblyinfo.obj
c:\projects\ojp-c++\windowsformapplication1\debug\.netframework,version=v4.5.2.assemblyattributes.obj
c:\projects\ojp-c++\windowsformapplication1\debug\.netframework,version=v4.5.2.assemblyattributes.asm
c:\projects\ojp-c++\windowsformapplication1\debug\app.res
c:\projects\ojp-c++\windowsformapplication1\debug\windowsformapplication1.kalkulator.resources
c:\projects\ojp-c++\windowsformapplication1\debug\windowsformapplication1.macierze.resources
c:\projects\ojp-c++\windowsformapplication1\debug\windowsformapplication1.result.resources
c:\projects\ojp-c++\windowsformapplication1\debug\windowsformapplication1.wyznaczniki.resources
c:\projects\ojp-c++\windowsformapplication1\debug\windowsformapplication1.menuprogram.resources
c:\projects\ojp-c++\windowsformapplication1\debug\windowsformapplication1.vcxproj.generateresource.cache
c:\projects\ojp-c++\windowsformapplication1\debug\windowsformapplication1.vcxprojresolveassemblyreference.cache
c:\projects\ojp-c++\debug\windowsformapplication1.exe
c:\projects\ojp-c++\windowsformapplication1\debug\windowsf.2f62cb81.tlog\cl.command.1.tlog
c:\projects\ojp-c++\windowsformapplication1\debug\windowsf.2f62cb81.tlog\cl.read.1.tlog
c:\projects\ojp-c++\windowsformapplication1\debug\windowsf.2f62cb81.tlog\cl.write.1.tlog
c:\projects\ojp-c++\windowsformapplication1\debug\windowsf.2f62cb81.tlog\link.command.1.tlog
c:\projects\ojp-c++\windowsformapplication1\debug\windowsf.2f62cb81.tlog\link.read.1.tlog
c:\projects\ojp-c++\windowsformapplication1\debug\windowsf.2f62cb81.tlog\link.write.1.tlog
c:\projects\ojp-c++\windowsformapplication1\debug\windowsf.2f62cb81.tlog\metagen.read.1.tlog
c:\projects\ojp-c++\windowsformapplication1\debug\windowsf.2f62cb81.tlog\metagen.write.1.tlog
c:\projects\ojp-c++\windowsformapplication1\debug\windowsf.2f62cb81.tlog\rc.command.1.tlog
c:\projects\ojp-c++\windowsformapplication1\debug\windowsf.2f62cb81.tlog\rc.read.1.tlog
c:\projects\ojp-c++\windowsformapplication1\debug\windowsf.2f62cb81.tlog\rc.write.1.tlog
c:\projects\ojp-c++\windowsformapplication1\debug\windowsf.2f62cb81.tlog\windowsformapplication1.write.1u.tlog
c:\projects\ojp-c++\windowsformapplication1\debug\windowsf.2f62cb81.tlog\tzres.dll.bi
