cl : Command line warning D9035: option 'clr:pure' has been deprecated and will be removed in a future release
  MenuProgram.cpp
d:\projects\ojp-c++\windowsformapplication1\Kalkulator.h(258): warning C4101: 'a': unreferenced local variable
d:\projects\ojp-c++\windowsformapplication1\Kalkulator.h(269): warning C4101: 'a': unreferenced local variable
d:\projects\ojp-c++\windowsformapplication1\Kalkulator.h(280): warning C4101: 'a': unreferenced local variable
d:\projects\ojp-c++\windowsformapplication1\Kalkulator.h(291): warning C4101: 'a': unreferenced local variable
d:\projects\ojp-c++\windowsformapplication1\Wyznaczniki.h(540): warning C4101: 'a': unreferenced local variable
d:\projects\ojp-c++\windowsformapplication1\Wyznaczniki.h(552): warning C4101: 'a': unreferenced local variable
d:\projects\ojp-c++\windowsformapplication1\Wyznaczniki.h(563): warning C4101: 'a': unreferenced local variable
d:\projects\ojp-c++\windowsformapplication1\Wyznaczniki.h(574): warning C4101: 'a': unreferenced local variable
  WindowsFormApplication1.cpp
d:\projects\ojp-c++\windowsformapplication1\Kalkulator.h(258): warning C4101: 'a': unreferenced local variable
d:\projects\ojp-c++\windowsformapplication1\Kalkulator.h(269): warning C4101: 'a': unreferenced local variable
d:\projects\ojp-c++\windowsformapplication1\Kalkulator.h(280): warning C4101: 'a': unreferenced local variable
d:\projects\ojp-c++\windowsformapplication1\Kalkulator.h(291): warning C4101: 'a': unreferenced local variable
d:\projects\ojp-c++\windowsformapplication1\Wyznaczniki.h(540): warning C4101: 'a': unreferenced local variable
d:\projects\ojp-c++\windowsformapplication1\Wyznaczniki.h(552): warning C4101: 'a': unreferenced local variable
d:\projects\ojp-c++\windowsformapplication1\Wyznaczniki.h(563): warning C4101: 'a': unreferenced local variable
d:\projects\ojp-c++\windowsformapplication1\Wyznaczniki.h(574): warning C4101: 'a': unreferenced local variable
  Wyznaczniki.cpp
d:\projects\ojp-c++\windowsformapplication1\Kalkulator.h(258): warning C4101: 'a': unreferenced local variable
d:\projects\ojp-c++\windowsformapplication1\Kalkulator.h(269): warning C4101: 'a': unreferenced local variable
d:\projects\ojp-c++\windowsformapplication1\Kalkulator.h(280): warning C4101: 'a': unreferenced local variable
d:\projects\ojp-c++\windowsformapplication1\Kalkulator.h(291): warning C4101: 'a': unreferenced local variable
d:\projects\ojp-c++\windowsformapplication1\Wyznaczniki.h(540): warning C4101: 'a': unreferenced local variable
d:\projects\ojp-c++\windowsformapplication1\Wyznaczniki.h(552): warning C4101: 'a': unreferenced local variable
d:\projects\ojp-c++\windowsformapplication1\Wyznaczniki.h(563): warning C4101: 'a': unreferenced local variable
d:\projects\ojp-c++\windowsformapplication1\Wyznaczniki.h(574): warning C4101: 'a': unreferenced local variable
  Generating Code...
  WindowsFormApplication1.vcxproj -> D:\Projects\OJP-C++\Debug\WindowsFormApplication1.exe
